<?xml version="1.0" encoding="UTF-8"?>
<!-- Generated by org.testng.reporters.JUnitReportReporter -->
<testsuite skipped="0" hostname="Mohammeds-MBP.lan" name="com.swaglabs.tests.LoginPageTest" tests="1" failures="0" timestamp="2023-04-19T00:20:08 EDT" time="6.895" errors="0">
  <testcase name="verifyLoginTest" time="6.895" classname="com.swaglabs.tests.LoginPageTest"/>
  <system-out/>
</testsuite> <!-- com.swaglabs.tests.LoginPageTest -->
